<?xml version="1.0" encoding="UTF-8"?>
<robot generator="Robot 7.0 (Python 3.12.2 on win32)" generated="2024-05-23T11:32:50.216187" rpa="false" schemaversion="5">
<suite id="s1" name="Register Suite" source="f:\Graduation\Graduation\tests\register_suite.robot">
<test id="s1-t1" name="Verify that user can register account" line="5">
<kw name="Open Register page" owner="base_page" source_name="Open ${pagename} page">
<kw name="Access to ${URL_HOME}" owner="base_page" source_name="Access to ${URL}">
<kw name="Open Browser" owner="SeleniumLibrary">
<msg time="2024-05-23T11:33:08.054907" level="INFO">Opening browser 'chrome' to base url 'https://bearstore-testsite.smartbear.com'.</msg>
<arg>${URL}</arg>
<arg>${BROWSER}</arg>
<doc>Opens a new browser instance to the optional ``url``.</doc>
<status status="PASS" start="2024-05-23T11:33:07.203418" elapsed="6.352236"/>
</kw>
<kw name="Maximize Browser Window" owner="SeleniumLibrary">
<doc>Maximizes current browser window.</doc>
<status status="PASS" start="2024-05-23T11:33:13.557649" elapsed="9.272032"/>
</kw>
<status status="PASS" start="2024-05-23T11:33:06.104867" elapsed="16.725810"/>
</kw>
<kw name="Evaluate" owner="BuiltIn">
<msg time="2024-05-23T11:33:34.399797" level="INFO">${pagename_lower} = register</msg>
<var>${pagename_lower}</var>
<arg>"${pagename}".lower()</arg>
<doc>Evaluates the given expression in Python and returns the result.</doc>
<status status="PASS" start="2024-05-23T11:33:22.831675" elapsed="11.569151"/>
</kw>
<kw name="Catenate" owner="BuiltIn">
<msg time="2024-05-23T11:33:37.039144" level="INFO">${url} = https://bearstore-testsite.smartbear.com/register</msg>
<var>${url}</var>
<arg>SEPARATOR=/</arg>
<arg>${URL_HOME}</arg>
<arg>${pagename_lower}</arg>
<doc>Catenates the given items together and returns the resulted string.</doc>
<status status="PASS" start="2024-05-23T11:33:34.401826" elapsed="2.638315"/>
</kw>
<kw name="Go To" owner="SeleniumLibrary">
<msg time="2024-05-23T11:33:38.591345" level="INFO">Opening url 'https://bearstore-testsite.smartbear.com/register'</msg>
<arg>${url}</arg>
<doc>Navigates the current browser window to the provided ``url``.</doc>
<status status="PASS" start="2024-05-23T11:33:37.041140" elapsed="2.721143"/>
</kw>
<kw name="The ${pagename} page should be opened" owner="base_page" source_name="The ${pagename} page should be opened">
<kw name="Wait Until Page Contains Element" owner="SeleniumLibrary">
<arg>css:.page-title</arg>
<doc>Waits until the element ``locator`` appears on the current page.</doc>
<status status="PASS" start="2024-05-23T11:33:41.433007" elapsed="1.153373"/>
</kw>
<kw name="Get Page title" owner="base_page">
<kw name="Get Text" owner="SeleniumLibrary">
<msg time="2024-05-23T11:33:44.896241" level="INFO">${page_title} = Register</msg>
<var>${page_title}</var>
<arg>css:.page-title</arg>
<doc>Returns the text value of the element identified by ``locator``.</doc>
<status status="PASS" start="2024-05-23T11:33:44.184451" elapsed="0.711790"/>
</kw>
<return>
<value>${page_title}</value>
<status status="PASS" start="2024-05-23T11:33:44.897239" elapsed="0.693256"/>
</return>
<msg time="2024-05-23T11:33:45.592491" level="INFO">${current_Page_title} = Register</msg>
<var>${current_Page_title}</var>
<status status="PASS" start="2024-05-23T11:33:42.588375" elapsed="3.004116"/>
</kw>
<kw name="Should Contain" owner="BuiltIn">
<arg>${current_Page_title}</arg>
<arg>${pagename}</arg>
<doc>Fails if ``container`` does not contain ``item`` one or more times.</doc>
<status status="PASS" start="2024-05-23T11:33:45.593517" elapsed="1.350997"/>
</kw>
<status status="PASS" start="2024-05-23T11:33:39.764277" elapsed="7.180237"/>
</kw>
<status status="PASS" start="2024-05-23T11:32:51.808450" elapsed="55.138059"/>
</kw>
<status status="PASS" start="2024-05-23T11:32:51.803492" elapsed="55.145011"/>
</test>
<status status="PASS" start="2024-05-23T11:32:50.247105" elapsed="56.707382"/>
</suite>
<statistics>
<total>
<stat pass="1" fail="0" skip="0">All Tests</stat>
</total>
<tag>
</tag>
<suite>
<stat pass="1" fail="0" skip="0" id="s1" name="Register Suite">Register Suite</stat>
</suite>
</statistics>
<errors>
</errors>
</robot>
